commit cf9b0ab1dc145f5d6cd7356e9847970a58bbb116
Merge: f3f995d fc7c61a
Author: Koki Hiromura <231205158@ccmailg.meijo-u.ac.jp>
Date:   Mon May 6 15:58:34 2024 +0900

    Merge branch 'main' of https://github.com/231205158/2024-05-06-tetris

commit f3f995d36e2c52c4df7893e4ac72eea208e3086b
Author: Koki Hiromura <231205158@ccmailg.meijo-u.ac.jp>
Date:   Mon May 6 15:55:09 2024 +0900

    change color

commit fc7c61ac26671c7a0f6c494777de861b4269ba9f
Author: 231205158 <147134252+231205158@users.noreply.github.com>
Date:   Mon May 6 15:52:49 2024 +0900

    color change

commit 632a98cda855027d6d8435c9bc98f443dcfbe414
Author: Koki Hiromura <231205158@ccmailg.meijo-u.ac.jp>
Date:   Mon May 6 15:44:30 2024 +0900

    gamespeed change

commit 7beeb0b66055f4099f2d0b690ebf2d6762baa631
Author: Koki Hiromura <231205158@ccmailg.meijo-u.ac.jp>
Date:   Mon May 6 15:37:19 2024 +0900

    color change

commit 5488a6248ee961d894f3b0a473c7e201d8e2ea39
Author: Koki Hiromura <231205158@ccmailg.meijo-u.ac.jp>
Date:   Mon May 6 15:21:55 2024 +0900

    upload file
